<?xml version="1.0" encoding="UTF-8"?>
<!-- Generated by org.testng.reporters.JUnitReportReporter -->
<testsuite hostname="DESKTOP-DLOMK44" name="pac1.Smoke_Test" tests="2" failures="0" timestamp="27 Sep 2018 17:48:40 GMT" time="0.010" errors="0">
  <testcase name="m" time="0.004" classname="pac1.Smoke_Test"/>
  <testcase name="f" time="0.006" classname="pac1.Smoke_Test"/>
</testsuite> <!-- pac1.Smoke_Test -->
