<?xml version="1.0" encoding="UTF-8"?>
<!-- Generated by org.testng.reporters.JUnitReportReporter -->
<testsuite hostname="DESKTOP-DLOMK44" name="pac1.E2e_Test" tests="1" failures="0" timestamp="27 Sep 2018 17:48:40 GMT" time="0.007" errors="0">
  <testcase name="f" time="0.007" classname="pac1.E2e_Test"/>
</testsuite> <!-- pac1.E2e_Test -->
