<?xml version="1.0" encoding="UTF-8"?>
<!-- Generated by org.testng.reporters.JUnitReportReporter -->
<testsuite hostname="DESKTOP-DLOMK44" name="Batch_Execution1.Customr_Test" tests="1" failures="0" timestamp="27 Sep 2018 19:06:32 GMT" time="0.047" errors="0">
  <testcase name="createCustomr_Test" time="0.047" classname="Batch_Execution1.Customr_Test"/>
</testsuite> <!-- Batch_Execution1.Customr_Test -->
