<?xml version="1.0" encoding="UTF-8"?>
<!-- Generated by org.testng.reporters.JUnitReportReporter -->
<testsuite hostname="DESKTOP-DLOMK44" name="Image.ScreenShot_Test" tests="2" failures="0" timestamp="1 Oct 2018 05:29:58 GMT" time="77.392" errors="0">
  <testcase name="gmail_Test" time="58.208" classname="Image.ScreenShot_Test"/>
  <testcase name="gmail_Test" time="19.184" classname="Image.ScreenShot_Test"/>
</testsuite> <!-- Image.ScreenShot_Test -->
