<?xml version="1.0" encoding="UTF-8"?>
<!-- Generated by org.testng.reporters.JUnitReportReporter -->
<testsuite hostname="DESKTOP-DLOMK44" name="CrossBrowser.VerifyTitle_Test" tests="2" failures="0" timestamp="29 Sep 2018 09:12:36 GMT" time="57.086" errors="0">
  <testcase name="verifyPageTitle_Test" time="18.563" classname="CrossBrowser.VerifyTitle_Test"/>
  <testcase name="verifyPageTitle_Test" time="38.523" classname="CrossBrowser.VerifyTitle_Test"/>
</testsuite> <!-- CrossBrowser.VerifyTitle_Test -->
