<?xml version="1.0" encoding="UTF-8"?>
<!-- Generated by org.testng.reporters.JUnitReportReporter -->
<testsuite hostname="DESKTOP-DLOMK44" name="selenium_pac.Sampl_Test" tests="4" failures="0" timestamp="27 Sep 2018 13:40:39 GMT" time="0.068" errors="0">
  <testcase name="deleteCust_Test" time="0.008" classname="selenium_pac.Sampl_Test"/>
  <testcase name="createCust_Test" time="0.008" classname="selenium_pac.Sampl_Test"/>
  <testcase name="modifyCust_Test" time="0.008" classname="selenium_pac.Sampl_Test"/>
  <testcase name="modifyCust_Test" time="0.044" classname="selenium_pac.Sampl_Test"/>
</testsuite> <!-- selenium_pac.Sampl_Test -->
